0 info it worked if it ends with ok
1 verbose cli [ '/usr/local/Cellar/node/5.4.0/bin/node',
1 verbose cli   '/usr/local/bin/npm',
1 verbose cli   'run',
1 verbose cli   'ex' ]
2 info using npm@3.3.12
3 info using node@v5.4.0
4 verbose run-script [ 'preex', 'ex', 'postex' ]
5 info lifecycle one-track@0.1.2~preex: one-track@0.1.2
6 silly lifecycle one-track@0.1.2~preex: no script for preex, continuing
7 info lifecycle one-track@0.1.2~ex: one-track@0.1.2
8 verbose lifecycle one-track@0.1.2~ex: unsafe-perm in lifecycle true
9 verbose lifecycle one-track@0.1.2~ex: PATH: /usr/local/lib/node_modules/npm/bin/node-gyp-bin:/Users/evan/Documents/dev/whtevn/one-track/node_modules/.bin:/usr/local/bin:/usr/bin:/bin:/usr/sbin:/sbin:/opt/X11/bin:/usr/local/git/bin:/Users/evan/.chefdk/gem/ruby/2.1.0/bin
10 verbose lifecycle one-track@0.1.2~ex: CWD: /Users/evan/Documents/dev/whtevn/one-track
11 silly lifecycle one-track@0.1.2~ex: Args: [ '-c', 'babel-node ex/hello.js' ]
12 silly lifecycle one-track@0.1.2~ex: Returned: code: 1  signal: null
13 info lifecycle one-track@0.1.2~ex: Failed to exec ex script
14 verbose stack Error: one-track@0.1.2 ex: `babel-node ex/hello.js`
14 verbose stack Exit status 1
14 verbose stack     at EventEmitter.<anonymous> (/usr/local/lib/node_modules/npm/lib/utils/lifecycle.js:232:16)
14 verbose stack     at emitTwo (events.js:87:13)
14 verbose stack     at EventEmitter.emit (events.js:172:7)
14 verbose stack     at ChildProcess.<anonymous> (/usr/local/lib/node_modules/npm/lib/utils/spawn.js:24:14)
14 verbose stack     at emitTwo (events.js:87:13)
14 verbose stack     at ChildProcess.emit (events.js:172:7)
14 verbose stack     at maybeClose (internal/child_process.js:821:16)
14 verbose stack     at Process.ChildProcess._handle.onexit (internal/child_process.js:211:5)
15 verbose pkgid one-track@0.1.2
16 verbose cwd /Users/evan/Documents/dev/whtevn/one-track
17 error Darwin 15.2.0
18 error argv "/usr/local/Cellar/node/5.4.0/bin/node" "/usr/local/bin/npm" "run" "ex"
19 error node v5.4.0
20 error npm  v3.3.12
21 error code ELIFECYCLE
22 error one-track@0.1.2 ex: `babel-node ex/hello.js`
22 error Exit status 1
23 error Failed at the one-track@0.1.2 ex script 'babel-node ex/hello.js'.
23 error Make sure you have the latest version of node.js and npm installed.
23 error If you do, this is most likely a problem with the one-track package,
23 error not with npm itself.
23 error Tell the author that this fails on your system:
23 error     babel-node ex/hello.js
23 error You can get their info via:
23 error     npm owner ls one-track
23 error There is likely additional logging output above.
24 verbose exit [ 1, true ]
